2021-01-25 21:01:32,371 [myid:] - INFO  [main:QuorumPeerConfig@174] - Reading configuration from: /home/vagrant/icn-stage/apache-zookeeper-3.6.2/bin/../conf/zoo.cfg
2021-01-25 21:01:32,383 [myid:] - WARN  [main:VerifyingFileFactory@65] - ~/.zk/datadir is relative. Prepend ./ to indicate that you're sure!
2021-01-25 21:01:32,397 [myid:] - INFO  [main:QuorumPeerConfig@457] - clientPortAddress is 10.200.0.22:2181
2021-01-25 21:01:32,399 [myid:] - INFO  [main:QuorumPeerConfig@464] - secureClientPort is not set
2021-01-25 21:01:32,399 [myid:] - INFO  [main:QuorumPeerConfig@480] - observerMasterPort is not set
2021-01-25 21:01:32,400 [myid:] - INFO  [main:QuorumPeerConfig@497] - metricsProvider.className is org.apache.zookeeper.metrics.impl.DefaultMetricsProvider
2021-01-25 21:01:32,414 [myid:] - INFO  [main:DatadirCleanupManager@78] - autopurge.snapRetainCount set to 3
2021-01-25 21:01:32,415 [myid:] - INFO  [main:DatadirCleanupManager@79] - autopurge.purgeInterval set to 0
2021-01-25 21:01:32,417 [myid:] - INFO  [main:DatadirCleanupManager@101] - Purge task is not scheduled.
2021-01-25 21:01:32,418 [myid:] - WARN  [main:QuorumPeerMain@138] - Either no config or no quorum defined in config, running in standalone mode
2021-01-25 21:01:32,430 [myid:] - INFO  [main:ManagedUtil@44] - Log4j 1.2 jmx support found and enabled.
2021-01-25 21:01:32,454 [myid:] - INFO  [main:QuorumPeerConfig@174] - Reading configuration from: /home/vagrant/icn-stage/apache-zookeeper-3.6.2/bin/../conf/zoo.cfg
2021-01-25 21:01:32,457 [myid:] - WARN  [main:VerifyingFileFactory@65] - ~/.zk/datadir is relative. Prepend ./ to indicate that you're sure!
2021-01-25 21:01:32,457 [myid:] - INFO  [main:QuorumPeerConfig@457] - clientPortAddress is 10.200.0.22:2181
2021-01-25 21:01:32,458 [myid:] - INFO  [main:QuorumPeerConfig@464] - secureClientPort is not set
2021-01-25 21:01:32,458 [myid:] - INFO  [main:QuorumPeerConfig@480] - observerMasterPort is not set
2021-01-25 21:01:32,461 [myid:] - INFO  [main:QuorumPeerConfig@497] - metricsProvider.className is org.apache.zookeeper.metrics.impl.DefaultMetricsProvider
2021-01-25 21:01:32,462 [myid:] - INFO  [main:ZooKeeperServerMain@122] - Starting server
2021-01-25 21:01:32,500 [myid:] - INFO  [main:ServerMetrics@62] - ServerMetrics initialized with provider org.apache.zookeeper.metrics.impl.DefaultMetricsProvider@667a738
2021-01-25 21:01:32,509 [myid:] - INFO  [main:FileTxnSnapLog@124] - zookeeper.snapshot.trust.empty : false
2021-01-25 21:01:32,538 [myid:] - INFO  [main:ZookeeperBanner@42] - 
2021-01-25 21:01:32,539 [myid:] - INFO  [main:ZookeeperBanner@42] -   ______                  _                                          
2021-01-25 21:01:32,540 [myid:] - INFO  [main:ZookeeperBanner@42] -  |___  /                 | |                                         
2021-01-25 21:01:32,540 [myid:] - INFO  [main:ZookeeperBanner@42] -     / /    ___     ___   | | __   ___    ___   _ __     ___   _ __   
2021-01-25 21:01:32,541 [myid:] - INFO  [main:ZookeeperBanner@42] -    / /    / _ \   / _ \  | |/ /  / _ \  / _ \ | '_ \   / _ \ | '__|
2021-01-25 21:01:32,541 [myid:] - INFO  [main:ZookeeperBanner@42] -   / /__  | (_) | | (_) | |   <  |  __/ |  __/ | |_) | |  __/ | |    
2021-01-25 21:01:32,542 [myid:] - INFO  [main:ZookeeperBanner@42] -  /_____|  \___/   \___/  |_|\_\  \___|  \___| | .__/   \___| |_|
2021-01-25 21:01:32,542 [myid:] - INFO  [main:ZookeeperBanner@42] -                                               | |                     
2021-01-25 21:01:32,542 [myid:] - INFO  [main:ZookeeperBanner@42] -                                               |_|                     
2021-01-25 21:01:32,542 [myid:] - INFO  [main:ZookeeperBanner@42] - 
2021-01-25 21:01:32,547 [myid:] - INFO  [main:Environment@98] - Server environment:zookeeper.version=3.6.2--803c7f1a12f85978cb049af5e4ef23bd8b688715, built on 09/04/2020 12:44 GMT
2021-01-25 21:01:32,547 [myid:] - INFO  [main:Environment@98] - Server environment:host.name=ubuntu-bionic
2021-01-25 21:01:32,548 [myid:] - INFO  [main:Environment@98] - Server environment:java.version=11.0.9.1
2021-01-25 21:01:32,548 [myid:] - INFO  [main:Environment@98] - Server environment:java.vendor=Ubuntu
2021-01-25 21:01:32,549 [myid:] - INFO  [main:Environment@98] - Server environment:java.home=/usr/lib/jvm/java-11-openjdk-amd64
2021-01-25 21:01:32,549 [myid:] - INFO  [main:Environment@98] - Server environment:java.class.path=/home/vagrant/icn-stage/apache-zookeeper-3.6.2/bin/../zookeeper-server/target/classes:/home/vagrant/icn-stage/apache-zookeeper-3.6.2/bin/../build/classes:/home/vagrant/icn-stage/apache-zookeeper-3.6.2/bin/../zookeeper-server/target/lib/*.jar:/home/vagrant/icn-stage/apache-zookeeper-3.6.2/bin/../build/lib/*.jar:/home/vagrant/icn-stage/apache-zookeeper-3.6.2/bin/../lib/zookeeper-prometheus-metrics-3.6.2.jar:/home/vagrant/icn-stage/apache-zookeeper-3.6.2/bin/../lib/zookeeper-jute-3.6.2.jar:/home/vagrant/icn-stage/apache-zookeeper-3.6.2/bin/../lib/zookeeper-3.6.2.jar:/home/vagrant/icn-stage/apache-zookeeper-3.6.2/bin/../lib/snappy-java-1.1.7.jar:/home/vagrant/icn-stage/apache-zookeeper-3.6.2/bin/../lib/slf4j-log4j12-1.7.25.jar:/home/vagrant/icn-stage/apache-zookeeper-3.6.2/bin/../lib/slf4j-api-1.7.25.jar:/home/vagrant/icn-stage/apache-zookeeper-3.6.2/bin/../lib/simpleclient_servlet-0.6.0.jar:/home/vagrant/icn-stage/apache-zookeeper-3.6.2/bin/../lib/simpleclient_hotspot-0.6.0.jar:/home/vagrant/icn-stage/apache-zookeeper-3.6.2/bin/../lib/simpleclient_common-0.6.0.jar:/home/vagrant/icn-stage/apache-zookeeper-3.6.2/bin/../lib/simpleclient-0.6.0.jar:/home/vagrant/icn-stage/apache-zookeeper-3.6.2/bin/../lib/netty-transport-native-unix-common-4.1.50.Final.jar:/home/vagrant/icn-stage/apache-zookeeper-3.6.2/bin/../lib/netty-transport-native-epoll-4.1.50.Final.jar:/home/vagrant/icn-stage/apache-zookeeper-3.6.2/bin/../lib/netty-transport-4.1.50.Final.jar:/home/vagrant/icn-stage/apache-zookeeper-3.6.2/bin/../lib/netty-resolver-4.1.50.Final.jar:/home/vagrant/icn-stage/apache-zookeeper-3.6.2/bin/../lib/netty-handler-4.1.50.Final.jar:/home/vagrant/icn-stage/apache-zookeeper-3.6.2/bin/../lib/netty-common-4.1.50.Final.jar:/home/vagrant/icn-stage/apache-zookeeper-3.6.2/bin/../lib/netty-codec-4.1.50.Final.jar:/home/vagrant/icn-stage/apache-zookeeper-3.6.2/bin/../lib/netty-buffer-4.1.50.Final.jar:/home/vagrant/icn-stage/apache-zookeeper-3.6.2/bin/../lib/metrics-core-3.2.5.jar:/home/vagrant/icn-stage/apache-zookeeper-3.6.2/bin/../lib/log4j-1.2.17.jar:/home/vagrant/icn-stage/apache-zookeeper-3.6.2/bin/../lib/json-simple-1.1.1.jar:/home/vagrant/icn-stage/apache-zookeeper-3.6.2/bin/../lib/jline-2.14.6.jar:/home/vagrant/icn-stage/apache-zookeeper-3.6.2/bin/../lib/jetty-util-9.4.24.v20191120.jar:/home/vagrant/icn-stage/apache-zookeeper-3.6.2/bin/../lib/jetty-servlet-9.4.24.v20191120.jar:/home/vagrant/icn-stage/apache-zookeeper-3.6.2/bin/../lib/jetty-server-9.4.24.v20191120.jar:/home/vagrant/icn-stage/apache-zookeeper-3.6.2/bin/../lib/jetty-security-9.4.24.v20191120.jar:/home/vagrant/icn-stage/apache-zookeeper-3.6.2/bin/../lib/jetty-io-9.4.24.v20191120.jar:/home/vagrant/icn-stage/apache-zookeeper-3.6.2/bin/../lib/jetty-http-9.4.24.v20191120.jar:/home/vagrant/icn-stage/apache-zookeeper-3.6.2/bin/../lib/javax.servlet-api-3.1.0.jar:/home/vagrant/icn-stage/apache-zookeeper-3.6.2/bin/../lib/jackson-databind-2.10.3.jar:/home/vagrant/icn-stage/apache-zookeeper-3.6.2/bin/../lib/jackson-core-2.10.3.jar:/home/vagrant/icn-stage/apache-zookeeper-3.6.2/bin/../lib/jackson-annotations-2.10.3.jar:/home/vagrant/icn-stage/apache-zookeeper-3.6.2/bin/../lib/commons-lang-2.6.jar:/home/vagrant/icn-stage/apache-zookeeper-3.6.2/bin/../lib/commons-cli-1.2.jar:/home/vagrant/icn-stage/apache-zookeeper-3.6.2/bin/../lib/audience-annotations-0.5.0.jar:/home/vagrant/icn-stage/apache-zookeeper-3.6.2/bin/../zookeeper-*.jar:/home/vagrant/icn-stage/apache-zookeeper-3.6.2/bin/../zookeeper-server/src/main/resources/lib/*.jar:/home/vagrant/icn-stage/apache-zookeeper-3.6.2/bin/../conf:
2021-01-25 21:01:32,550 [myid:] - INFO  [main:Environment@98] - Server environment:java.library.path=/usr/java/packages/lib:/usr/lib/x86_64-linux-gnu/jni:/lib/x86_64-linux-gnu:/usr/lib/x86_64-linux-gnu:/usr/lib/jni:/lib:/usr/lib
2021-01-25 21:01:32,550 [myid:] - INFO  [main:Environment@98] - Server environment:java.io.tmpdir=/tmp
2021-01-25 21:01:32,552 [myid:] - INFO  [main:Environment@98] - Server environment:java.compiler=<NA>
2021-01-25 21:01:32,553 [myid:] - INFO  [main:Environment@98] - Server environment:os.name=Linux
2021-01-25 21:01:32,553 [myid:] - INFO  [main:Environment@98] - Server environment:os.arch=amd64
2021-01-25 21:01:32,554 [myid:] - INFO  [main:Environment@98] - Server environment:os.version=4.15.0-132-generic
2021-01-25 21:01:32,554 [myid:] - INFO  [main:Environment@98] - Server environment:user.name=vagrant
2021-01-25 21:01:32,555 [myid:] - INFO  [main:Environment@98] - Server environment:user.home=/home/vagrant
2021-01-25 21:01:32,555 [myid:] - INFO  [main:Environment@98] - Server environment:user.dir=/vagrant
2021-01-25 21:01:32,556 [myid:] - INFO  [main:Environment@98] - Server environment:os.memory.free=49MB
2021-01-25 21:01:32,556 [myid:] - INFO  [main:Environment@98] - Server environment:os.memory.max=1000MB
2021-01-25 21:01:32,557 [myid:] - INFO  [main:Environment@98] - Server environment:os.memory.total=64MB
2021-01-25 21:01:32,558 [myid:] - INFO  [main:ZooKeeperServer@129] - zookeeper.enableEagerACLCheck = false
2021-01-25 21:01:32,559 [myid:] - INFO  [main:ZooKeeperServer@137] - zookeeper.digest.enabled = true
2021-01-25 21:01:32,559 [myid:] - INFO  [main:ZooKeeperServer@141] - zookeeper.closeSessionTxn.enabled = true
2021-01-25 21:01:32,560 [myid:] - INFO  [main:ZooKeeperServer@1444] - zookeeper.flushDelay=0
2021-01-25 21:01:32,561 [myid:] - INFO  [main:ZooKeeperServer@1453] - zookeeper.maxWriteQueuePollTime=0
2021-01-25 21:01:32,562 [myid:] - INFO  [main:ZooKeeperServer@1462] - zookeeper.maxBatchSize=1000
2021-01-25 21:01:32,563 [myid:] - INFO  [main:ZooKeeperServer@243] - zookeeper.intBufferStartingSizeBytes = 1024
2021-01-25 21:01:32,566 [myid:] - INFO  [main:BlueThrottle@141] - Weighed connection throttling is disabled
2021-01-25 21:01:32,569 [myid:] - INFO  [main:ZooKeeperServer@1256] - minSessionTimeout set to 30000
2021-01-25 21:01:32,569 [myid:] - INFO  [main:ZooKeeperServer@1265] - maxSessionTimeout set to 60000
2021-01-25 21:01:32,573 [myid:] - INFO  [main:ResponseCache@45] - Response cache size is initialized with value 400.
2021-01-25 21:01:32,574 [myid:] - INFO  [main:ResponseCache@45] - Response cache size is initialized with value 400.
2021-01-25 21:01:32,576 [myid:] - INFO  [main:RequestPathMetricsCollector@111] - zookeeper.pathStats.slotCapacity = 60
2021-01-25 21:01:32,576 [myid:] - INFO  [main:RequestPathMetricsCollector@112] - zookeeper.pathStats.slotDuration = 15
2021-01-25 21:01:32,577 [myid:] - INFO  [main:RequestPathMetricsCollector@113] - zookeeper.pathStats.maxDepth = 6
2021-01-25 21:01:32,578 [myid:] - INFO  [main:RequestPathMetricsCollector@114] - zookeeper.pathStats.initialDelay = 5
2021-01-25 21:01:32,579 [myid:] - INFO  [main:RequestPathMetricsCollector@115] - zookeeper.pathStats.delay = 5
2021-01-25 21:01:32,579 [myid:] - INFO  [main:RequestPathMetricsCollector@116] - zookeeper.pathStats.enabled = false
2021-01-25 21:01:32,587 [myid:] - INFO  [main:ZooKeeperServer@1481] - The max bytes for all large requests are set to 104857600
2021-01-25 21:01:32,587 [myid:] - INFO  [main:ZooKeeperServer@1495] - The large request threshold is set to -1
2021-01-25 21:01:32,587 [myid:] - INFO  [main:ZooKeeperServer@339] - Created server with tickTime 5000 minSessionTimeout 30000 maxSessionTimeout 60000 clientPortListenBacklog -1 datadir ~/.zk/datadir/version-2 snapdir ~/.zk/datadir/version-2
2021-01-25 21:01:32,667 [myid:] - INFO  [main:Log@169] - Logging initialized @1283ms to org.eclipse.jetty.util.log.Slf4jLog
2021-01-25 21:01:32,837 [myid:] - WARN  [main:ContextHandler@1520] - o.e.j.s.ServletContextHandler@397fbdb{/,null,UNAVAILABLE} contextPath ends with /*
2021-01-25 21:01:32,838 [myid:] - WARN  [main:ContextHandler@1531] - Empty contextPath
2021-01-25 21:01:32,893 [myid:] - INFO  [main:Server@359] - jetty-9.4.24.v20191120; built: 2019-11-20T21:37:49.771Z; git: 363d5f2df3a8a28de40604320230664b9c793c16; jvm 11.0.9.1+1-Ubuntu-0ubuntu1.18.04
2021-01-25 21:01:32,980 [myid:] - INFO  [main:DefaultSessionIdManager@333] - DefaultSessionIdManager workerName=node0
2021-01-25 21:01:32,981 [myid:] - INFO  [main:DefaultSessionIdManager@338] - No SessionScavenger set, using defaults
2021-01-25 21:01:32,984 [myid:] - INFO  [main:HouseKeeper@140] - node0 Scavenging every 660000ms
2021-01-25 21:01:32,992 [myid:] - WARN  [main:ConstraintSecurityHandler@757] - ServletContext@o.e.j.s.ServletContextHandler@397fbdb{/,null,STARTING} has uncovered http methods for path: /*
2021-01-25 21:01:33,010 [myid:] - INFO  [main:ContextHandler@825] - Started o.e.j.s.ServletContextHandler@397fbdb{/,null,AVAILABLE}
2021-01-25 21:01:33,039 [myid:] - INFO  [main:AbstractConnector@330] - Started ServerConnector@6aba2b86{HTTP/1.1,[http/1.1]}{0.0.0.0:8080}
2021-01-25 21:01:33,040 [myid:] - INFO  [main:Server@399] - Started @1656ms
2021-01-25 21:01:33,041 [myid:] - INFO  [main:JettyAdminServer@182] - Started AdminServer on address 0.0.0.0, port 8080 and command URL /commands
2021-01-25 21:01:33,054 [myid:] - INFO  [main:ServerCnxnFactory@169] - Using org.apache.zookeeper.server.NIOServerCnxnFactory as server connection factory
2021-01-25 21:01:33,057 [myid:] - WARN  [main:ServerCnxnFactory@309] - maxCnxns is not configured, using default value 0.
2021-01-25 21:01:33,062 [myid:] - INFO  [main:NIOServerCnxnFactory@666] - Configuring NIO connection handler with 10s sessionless connection timeout, 1 selector thread(s), 8 worker threads, and 64 kB direct buffers.
2021-01-25 21:01:33,066 [myid:] - INFO  [main:NIOServerCnxnFactory@674] - binding to port /10.200.0.22:2181
2021-01-25 21:01:33,103 [myid:] - INFO  [main:WatchManagerFactory@42] - Using org.apache.zookeeper.server.watch.WatchManager as watch manager
2021-01-25 21:01:33,104 [myid:] - INFO  [main:WatchManagerFactory@42] - Using org.apache.zookeeper.server.watch.WatchManager as watch manager
2021-01-25 21:01:33,107 [myid:] - INFO  [main:ZKDatabase@132] - zookeeper.snapshotSizeFactor = 0.33
2021-01-25 21:01:33,107 [myid:] - INFO  [main:ZKDatabase@152] - zookeeper.commitLogCount=500
2021-01-25 21:01:33,123 [myid:] - INFO  [main:SnapStream@61] - zookeeper.snapshot.compression.method = CHECKED
2021-01-25 21:01:33,136 [myid:] - INFO  [main:FileSnap@85] - Reading snapshot ~/.zk/datadir/version-2/snapshot.9015
2021-01-25 21:01:33,154 [myid:] - INFO  [main:DataTree@1730] - The digest in the snapshot has digest version of 2, , with zxid as 0x9016, and digest value as 111520856335
2021-01-25 21:01:33,472 [myid:] - INFO  [main:ZKAuditProvider@42] - ZooKeeper audit is disabled.
2021-01-25 21:01:33,577 [myid:] - INFO  [main:FileTxnSnapLog@363] - 6945 txns loaded in 340 ms
2021-01-25 21:01:33,578 [myid:] - INFO  [main:ZKDatabase@289] - Snapshot loaded in 470 ms, highest zxid is 0xab36, digest is 134153753095
2021-01-25 21:01:33,579 [myid:] - INFO  [main:FileTxnSnapLog@470] - Snapshotting: 0xab36 to ~/.zk/datadir/version-2/snapshot.ab36
2021-01-25 21:01:33,586 [myid:] - INFO  [main:ZooKeeperServer@529] - Snapshot taken in 7 ms
2021-01-25 21:01:33,615 [myid:] - INFO  [ProcessThread(sid:0 cport:2181)::PrepRequestProcessor@136] - PrepRequestProcessor (sid:0) started, reconfigEnabled=false
2021-01-25 21:01:33,616 [myid:] - INFO  [main:RequestThrottler@74] - zookeeper.request_throttler.shutdownTimeout = 10000
2021-01-25 21:01:33,664 [myid:] - INFO  [main:ContainerManager@83] - Using checkIntervalMs=60000 maxPerMinute=10000 maxNeverUsedIntervalMs=0
2021-01-25 21:01:37,289 [myid:] - INFO  [NIOWorkerThread-1:FourLetterCommands@223] - The list of known four letter word commands is : [{1936881266=srvr, 1937006964=stat, 2003003491=wchc, 1685417328=dump, 1668445044=crst, 1936880500=srst, 1701738089=envi, 1668247142=conf, -720899=telnet close, 1751217000=hash, 2003003507=wchs, 2003003504=wchp, 1684632179=dirs, 1668247155=cons, 1835955314=mntr, 1769173615=isro, 1920298859=ruok, 1735683435=gtmk, 1937010027=stmk}]
2021-01-25 21:01:37,289 [myid:] - INFO  [NIOWorkerThread-1:FourLetterCommands@224] - The list of enabled four letter word commands is : [[srvr]]
2021-01-25 21:01:37,290 [myid:] - INFO  [NIOWorkerThread-1:NIOServerCnxn@507] - Processing srvr command from /10.200.0.22:37860
2021-01-25 21:01:37,535 [myid:] - INFO  [SyncThread:0:FileTxnLog@284] - Creating new log file: log.ab37
2021-01-25 21:02:07,376 [myid:] - INFO  [SessionTracker:ZooKeeperServer@610] - Expiring session 0x100006bc79e0006, timeout of 30000ms exceeded
2021-01-25 21:02:07,377 [myid:] - INFO  [SessionTracker:ZooKeeperServer@610] - Expiring session 0x100006bc79e0004, timeout of 30000ms exceeded
2021-01-25 21:02:07,377 [myid:] - INFO  [SessionTracker:ZooKeeperServer@610] - Expiring session 0x100006bc79e0001, timeout of 30000ms exceeded
2021-01-25 21:02:07,377 [myid:] - INFO  [SessionTracker:ZooKeeperServer@610] - Expiring session 0x100006bc79e0033, timeout of 30000ms exceeded
2021-01-25 21:02:07,378 [myid:] - INFO  [SessionTracker:ZooKeeperServer@610] - Expiring session 0x100006bc79e0029, timeout of 30000ms exceeded
2021-01-25 21:03:07,035 [myid:] - WARN  [NIOWorkerThread-8:NIOServerCnxn@364] - Unexpected exception
EndOfStreamException: Unable to read additional data from client, it probably closed the socket: address = /10.200.0.22:37870, session = 0x1000007ccef0002
	at org.apache.zookeeper.server.NIOServerCnxn.handleFailedRead(NIOServerCnxn.java:163)
	at org.apache.zookeeper.server.NIOServerCnxn.doIO(NIOServerCnxn.java:326)
	at org.apache.zookeeper.server.NIOServerCnxnFactory$IOWorkRequest.doWork(NIOServerCnxnFactory.java:522)
	at org.apache.zookeeper.server.WorkerService$ScheduledWorkRequest.run(WorkerService.java:154)
	at java.base/java.util.concurrent.ThreadPoolExecutor.runWorker(ThreadPoolExecutor.java:1128)
	at java.base/java.util.concurrent.ThreadPoolExecutor$Worker.run(ThreadPoolExecutor.java:628)
	at java.base/java.lang.Thread.run(Thread.java:834)
2021-01-25 21:03:37,376 [myid:] - INFO  [SessionTracker:ZooKeeperServer@610] - Expiring session 0x1000007ccef0002, timeout of 30000ms exceeded
2021-01-25 21:04:16,814 [myid:] - INFO  [NIOWorkerThread-1:NIOServerCnxn@507] - Processing srvr command from /10.200.0.22:37872
2021-01-25 21:09:58,628 [myid:] - WARN  [NIOWorkerThread-6:NIOServerCnxn@364] - Unexpected exception
EndOfStreamException: Unable to read additional data from client, it probably closed the socket: address = /10.145.13.77:59744, session = 0x1000007ccef0004
	at org.apache.zookeeper.server.NIOServerCnxn.handleFailedRead(NIOServerCnxn.java:163)
	at org.apache.zookeeper.server.NIOServerCnxn.doIO(NIOServerCnxn.java:326)
	at org.apache.zookeeper.server.NIOServerCnxnFactory$IOWorkRequest.doWork(NIOServerCnxnFactory.java:522)
	at org.apache.zookeeper.server.WorkerService$ScheduledWorkRequest.run(WorkerService.java:154)
	at java.base/java.util.concurrent.ThreadPoolExecutor.runWorker(ThreadPoolExecutor.java:1128)
	at java.base/java.util.concurrent.ThreadPoolExecutor$Worker.run(ThreadPoolExecutor.java:628)
	at java.base/java.lang.Thread.run(Thread.java:834)
2021-01-25 21:10:32,377 [myid:] - INFO  [SessionTracker:ZooKeeperServer@610] - Expiring session 0x1000007ccef0004, timeout of 30000ms exceeded
2021-01-25 21:12:33,862 [myid:] - WARN  [NIOWorkerThread-2:NIOServerCnxn@364] - Unexpected exception
EndOfStreamException: Unable to read additional data from client, it probably closed the socket: address = /10.200.0.22:37874, session = 0x1000007ccef0003
	at org.apache.zookeeper.server.NIOServerCnxn.handleFailedRead(NIOServerCnxn.java:163)
	at org.apache.zookeeper.server.NIOServerCnxn.doIO(NIOServerCnxn.java:326)
	at org.apache.zookeeper.server.NIOServerCnxnFactory$IOWorkRequest.doWork(NIOServerCnxnFactory.java:522)
	at org.apache.zookeeper.server.WorkerService$ScheduledWorkRequest.run(WorkerService.java:154)
	at java.base/java.util.concurrent.ThreadPoolExecutor.runWorker(ThreadPoolExecutor.java:1128)
	at java.base/java.util.concurrent.ThreadPoolExecutor$Worker.run(ThreadPoolExecutor.java:628)
	at java.base/java.lang.Thread.run(Thread.java:834)
2021-01-25 21:12:35,869 [myid:] - INFO  [NIOWorkerThread-4:NIOServerCnxn@507] - Processing srvr command from /10.200.0.22:37886
2021-01-25 21:13:02,377 [myid:] - INFO  [SessionTracker:ZooKeeperServer@610] - Expiring session 0x1000007ccef0003, timeout of 30000ms exceeded
2021-01-25 21:16:23,058 [myid:] - WARN  [NIOWorkerThread-1:NIOServerCnxn@364] - Unexpected exception
EndOfStreamException: Unable to read additional data from client, it probably closed the socket: address = /10.145.13.77:59746, session = 0x1000007ccef0006
	at org.apache.zookeeper.server.NIOServerCnxn.handleFailedRead(NIOServerCnxn.java:163)
	at org.apache.zookeeper.server.NIOServerCnxn.doIO(NIOServerCnxn.java:326)
	at org.apache.zookeeper.server.NIOServerCnxnFactory$IOWorkRequest.doWork(NIOServerCnxnFactory.java:522)
	at org.apache.zookeeper.server.WorkerService$ScheduledWorkRequest.run(WorkerService.java:154)
	at java.base/java.util.concurrent.ThreadPoolExecutor.runWorker(ThreadPoolExecutor.java:1128)
	at java.base/java.util.concurrent.ThreadPoolExecutor$Worker.run(ThreadPoolExecutor.java:628)
	at java.base/java.lang.Thread.run(Thread.java:834)
2021-01-25 21:16:57,376 [myid:] - INFO  [SessionTracker:ZooKeeperServer@610] - Expiring session 0x1000007ccef0006, timeout of 30000ms exceeded
2021-01-26 03:25:48,664 [myid:] - WARN  [NIOWorkerThread-1:NIOServerCnxn@364] - Unexpected exception
EndOfStreamException: Unable to read additional data from client, it probably closed the socket: address = /10.200.0.22:37888, session = 0x1000007ccef0005
	at org.apache.zookeeper.server.NIOServerCnxn.handleFailedRead(NIOServerCnxn.java:163)
	at org.apache.zookeeper.server.NIOServerCnxn.doIO(NIOServerCnxn.java:326)
	at org.apache.zookeeper.server.NIOServerCnxnFactory$IOWorkRequest.doWork(NIOServerCnxnFactory.java:522)
	at org.apache.zookeeper.server.WorkerService$ScheduledWorkRequest.run(WorkerService.java:154)
	at java.base/java.util.concurrent.ThreadPoolExecutor.runWorker(ThreadPoolExecutor.java:1128)
	at java.base/java.util.concurrent.ThreadPoolExecutor$Worker.run(ThreadPoolExecutor.java:628)
	at java.base/java.lang.Thread.run(Thread.java:834)
2021-01-26 03:25:53,196 [myid:] - WARN  [NIOWorkerThread-6:NIOServerCnxn@364] - Unexpected exception
EndOfStreamException: Unable to read additional data from client, it probably closed the socket: address = /10.200.0.22:37864, session = 0x1000007ccef0001
	at org.apache.zookeeper.server.NIOServerCnxn.handleFailedRead(NIOServerCnxn.java:163)
	at org.apache.zookeeper.server.NIOServerCnxn.doIO(NIOServerCnxn.java:326)
	at org.apache.zookeeper.server.NIOServerCnxnFactory$IOWorkRequest.doWork(NIOServerCnxnFactory.java:522)
	at org.apache.zookeeper.server.WorkerService$ScheduledWorkRequest.run(WorkerService.java:154)
	at java.base/java.util.concurrent.ThreadPoolExecutor.runWorker(ThreadPoolExecutor.java:1128)
	at java.base/java.util.concurrent.ThreadPoolExecutor$Worker.run(ThreadPoolExecutor.java:628)
	at java.base/java.lang.Thread.run(Thread.java:834)
