2021-03-21 12:11:05,881 [myid:] - INFO  [main:QuorumPeerConfig@174] - Reading configuration from: /home/rafael/Documents/icn-stage/apache-zookeeper-3.6.2/bin/../conf/zoo.cfg
2021-03-21 12:11:05,887 [myid:] - WARN  [main:VerifyingFileFactory@65] - ~/.zk/datadir is relative. Prepend ./ to indicate that you're sure!
2021-03-21 12:11:05,902 [myid:] - INFO  [main:QuorumPeerConfig@457] - clientPortAddress is 192.168.133.1:2181
2021-03-21 12:11:05,903 [myid:] - INFO  [main:QuorumPeerConfig@464] - secureClientPort is not set
2021-03-21 12:11:05,903 [myid:] - INFO  [main:QuorumPeerConfig@480] - observerMasterPort is not set
2021-03-21 12:11:05,904 [myid:] - INFO  [main:QuorumPeerConfig@497] - metricsProvider.className is org.apache.zookeeper.metrics.impl.DefaultMetricsProvider
2021-03-21 12:11:05,907 [myid:] - INFO  [main:DatadirCleanupManager@78] - autopurge.snapRetainCount set to 3
2021-03-21 12:11:05,908 [myid:] - INFO  [main:DatadirCleanupManager@79] - autopurge.purgeInterval set to 0
2021-03-21 12:11:05,908 [myid:] - INFO  [main:DatadirCleanupManager@101] - Purge task is not scheduled.
2021-03-21 12:11:05,908 [myid:] - WARN  [main:QuorumPeerMain@138] - Either no config or no quorum defined in config, running in standalone mode
2021-03-21 12:11:05,915 [myid:] - INFO  [main:ManagedUtil@44] - Log4j 1.2 jmx support found and enabled.
2021-03-21 12:11:05,929 [myid:] - INFO  [main:QuorumPeerConfig@174] - Reading configuration from: /home/rafael/Documents/icn-stage/apache-zookeeper-3.6.2/bin/../conf/zoo.cfg
2021-03-21 12:11:05,929 [myid:] - WARN  [main:VerifyingFileFactory@65] - ~/.zk/datadir is relative. Prepend ./ to indicate that you're sure!
2021-03-21 12:11:05,930 [myid:] - INFO  [main:QuorumPeerConfig@457] - clientPortAddress is 192.168.133.1:2181
2021-03-21 12:11:05,930 [myid:] - INFO  [main:QuorumPeerConfig@464] - secureClientPort is not set
2021-03-21 12:11:05,930 [myid:] - INFO  [main:QuorumPeerConfig@480] - observerMasterPort is not set
2021-03-21 12:11:05,932 [myid:] - INFO  [main:QuorumPeerConfig@497] - metricsProvider.className is org.apache.zookeeper.metrics.impl.DefaultMetricsProvider
2021-03-21 12:11:05,933 [myid:] - INFO  [main:ZooKeeperServerMain@122] - Starting server
2021-03-21 12:11:05,953 [myid:] - INFO  [main:ServerMetrics@62] - ServerMetrics initialized with provider org.apache.zookeeper.metrics.impl.DefaultMetricsProvider@52aa2946
2021-03-21 12:11:05,960 [myid:] - INFO  [main:FileTxnSnapLog@124] - zookeeper.snapshot.trust.empty : false
2021-03-21 12:11:05,975 [myid:] - INFO  [main:ZookeeperBanner@42] - 
2021-03-21 12:11:05,975 [myid:] - INFO  [main:ZookeeperBanner@42] -   ______                  _                                          
2021-03-21 12:11:05,975 [myid:] - INFO  [main:ZookeeperBanner@42] -  |___  /                 | |                                         
2021-03-21 12:11:05,975 [myid:] - INFO  [main:ZookeeperBanner@42] -     / /    ___     ___   | | __   ___    ___   _ __     ___   _ __   
2021-03-21 12:11:05,975 [myid:] - INFO  [main:ZookeeperBanner@42] -    / /    / _ \   / _ \  | |/ /  / _ \  / _ \ | '_ \   / _ \ | '__|
2021-03-21 12:11:05,976 [myid:] - INFO  [main:ZookeeperBanner@42] -   / /__  | (_) | | (_) | |   <  |  __/ |  __/ | |_) | |  __/ | |    
2021-03-21 12:11:05,976 [myid:] - INFO  [main:ZookeeperBanner@42] -  /_____|  \___/   \___/  |_|\_\  \___|  \___| | .__/   \___| |_|
2021-03-21 12:11:05,976 [myid:] - INFO  [main:ZookeeperBanner@42] -                                               | |                     
2021-03-21 12:11:05,976 [myid:] - INFO  [main:ZookeeperBanner@42] -                                               |_|                     
2021-03-21 12:11:05,976 [myid:] - INFO  [main:ZookeeperBanner@42] - 
2021-03-21 12:11:05,979 [myid:] - INFO  [main:Environment@98] - Server environment:zookeeper.version=3.6.2--803c7f1a12f85978cb049af5e4ef23bd8b688715, built on 09/04/2020 12:44 GMT
2021-03-21 12:11:05,980 [myid:] - INFO  [main:Environment@98] - Server environment:host.name=Aspire-E5
2021-03-21 12:11:05,980 [myid:] - INFO  [main:Environment@98] - Server environment:java.version=11.0.10
2021-03-21 12:11:05,980 [myid:] - INFO  [main:Environment@98] - Server environment:java.vendor=Ubuntu
2021-03-21 12:11:05,980 [myid:] - INFO  [main:Environment@98] - Server environment:java.home=/usr/lib/jvm/java-11-openjdk-amd64
2021-03-21 12:11:05,980 [myid:] - INFO  [main:Environment@98] - Server environment:java.class.path=/home/rafael/Documents/icn-stage/apache-zookeeper-3.6.2/bin/../zookeeper-server/target/classes:/home/rafael/Documents/icn-stage/apache-zookeeper-3.6.2/bin/../build/classes:/home/rafael/Documents/icn-stage/apache-zookeeper-3.6.2/bin/../zookeeper-server/target/lib/*.jar:/home/rafael/Documents/icn-stage/apache-zookeeper-3.6.2/bin/../build/lib/*.jar:/home/rafael/Documents/icn-stage/apache-zookeeper-3.6.2/bin/../lib/zookeeper-prometheus-metrics-3.6.2.jar:/home/rafael/Documents/icn-stage/apache-zookeeper-3.6.2/bin/../lib/zookeeper-jute-3.6.2.jar:/home/rafael/Documents/icn-stage/apache-zookeeper-3.6.2/bin/../lib/zookeeper-3.6.2.jar:/home/rafael/Documents/icn-stage/apache-zookeeper-3.6.2/bin/../lib/snappy-java-1.1.7.jar:/home/rafael/Documents/icn-stage/apache-zookeeper-3.6.2/bin/../lib/slf4j-log4j12-1.7.25.jar:/home/rafael/Documents/icn-stage/apache-zookeeper-3.6.2/bin/../lib/slf4j-api-1.7.25.jar:/home/rafael/Documents/icn-stage/apache-zookeeper-3.6.2/bin/../lib/simpleclient_servlet-0.6.0.jar:/home/rafael/Documents/icn-stage/apache-zookeeper-3.6.2/bin/../lib/simpleclient_hotspot-0.6.0.jar:/home/rafael/Documents/icn-stage/apache-zookeeper-3.6.2/bin/../lib/simpleclient_common-0.6.0.jar:/home/rafael/Documents/icn-stage/apache-zookeeper-3.6.2/bin/../lib/simpleclient-0.6.0.jar:/home/rafael/Documents/icn-stage/apache-zookeeper-3.6.2/bin/../lib/netty-transport-native-unix-common-4.1.50.Final.jar:/home/rafael/Documents/icn-stage/apache-zookeeper-3.6.2/bin/../lib/netty-transport-native-epoll-4.1.50.Final.jar:/home/rafael/Documents/icn-stage/apache-zookeeper-3.6.2/bin/../lib/netty-transport-4.1.50.Final.jar:/home/rafael/Documents/icn-stage/apache-zookeeper-3.6.2/bin/../lib/netty-resolver-4.1.50.Final.jar:/home/rafael/Documents/icn-stage/apache-zookeeper-3.6.2/bin/../lib/netty-handler-4.1.50.Final.jar:/home/rafael/Documents/icn-stage/apache-zookeeper-3.6.2/bin/../lib/netty-common-4.1.50.Final.jar:/home/rafael/Documents/icn-stage/apache-zookeeper-3.6.2/bin/../lib/netty-codec-4.1.50.Final.jar:/home/rafael/Documents/icn-stage/apache-zookeeper-3.6.2/bin/../lib/netty-buffer-4.1.50.Final.jar:/home/rafael/Documents/icn-stage/apache-zookeeper-3.6.2/bin/../lib/metrics-core-3.2.5.jar:/home/rafael/Documents/icn-stage/apache-zookeeper-3.6.2/bin/../lib/log4j-1.2.17.jar:/home/rafael/Documents/icn-stage/apache-zookeeper-3.6.2/bin/../lib/json-simple-1.1.1.jar:/home/rafael/Documents/icn-stage/apache-zookeeper-3.6.2/bin/../lib/jline-2.14.6.jar:/home/rafael/Documents/icn-stage/apache-zookeeper-3.6.2/bin/../lib/jetty-util-9.4.24.v20191120.jar:/home/rafael/Documents/icn-stage/apache-zookeeper-3.6.2/bin/../lib/jetty-servlet-9.4.24.v20191120.jar:/home/rafael/Documents/icn-stage/apache-zookeeper-3.6.2/bin/../lib/jetty-server-9.4.24.v20191120.jar:/home/rafael/Documents/icn-stage/apache-zookeeper-3.6.2/bin/../lib/jetty-security-9.4.24.v20191120.jar:/home/rafael/Documents/icn-stage/apache-zookeeper-3.6.2/bin/../lib/jetty-io-9.4.24.v20191120.jar:/home/rafael/Documents/icn-stage/apache-zookeeper-3.6.2/bin/../lib/jetty-http-9.4.24.v20191120.jar:/home/rafael/Documents/icn-stage/apache-zookeeper-3.6.2/bin/../lib/javax.servlet-api-3.1.0.jar:/home/rafael/Documents/icn-stage/apache-zookeeper-3.6.2/bin/../lib/jackson-databind-2.10.3.jar:/home/rafael/Documents/icn-stage/apache-zookeeper-3.6.2/bin/../lib/jackson-core-2.10.3.jar:/home/rafael/Documents/icn-stage/apache-zookeeper-3.6.2/bin/../lib/jackson-annotations-2.10.3.jar:/home/rafael/Documents/icn-stage/apache-zookeeper-3.6.2/bin/../lib/commons-lang-2.6.jar:/home/rafael/Documents/icn-stage/apache-zookeeper-3.6.2/bin/../lib/commons-cli-1.2.jar:/home/rafael/Documents/icn-stage/apache-zookeeper-3.6.2/bin/../lib/audience-annotations-0.5.0.jar:/home/rafael/Documents/icn-stage/apache-zookeeper-3.6.2/bin/../zookeeper-*.jar:/home/rafael/Documents/icn-stage/apache-zookeeper-3.6.2/bin/../zookeeper-server/src/main/resources/lib/*.jar:/home/rafael/Documents/icn-stage/apache-zookeeper-3.6.2/bin/../conf:
2021-03-21 12:11:05,981 [myid:] - INFO  [main:Environment@98] - Server environment:java.library.path=/usr/java/packages/lib:/usr/lib/x86_64-linux-gnu/jni:/lib/x86_64-linux-gnu:/usr/lib/x86_64-linux-gnu:/usr/lib/jni:/lib:/usr/lib
2021-03-21 12:11:05,981 [myid:] - INFO  [main:Environment@98] - Server environment:java.io.tmpdir=/tmp
2021-03-21 12:11:05,981 [myid:] - INFO  [main:Environment@98] - Server environment:java.compiler=<NA>
2021-03-21 12:11:05,981 [myid:] - INFO  [main:Environment@98] - Server environment:os.name=Linux
2021-03-21 12:11:05,981 [myid:] - INFO  [main:Environment@98] - Server environment:os.arch=amd64
2021-03-21 12:11:05,982 [myid:] - INFO  [main:Environment@98] - Server environment:os.version=5.8.0-45-generic
2021-03-21 12:11:05,982 [myid:] - INFO  [main:Environment@98] - Server environment:user.name=rafael
2021-03-21 12:11:05,982 [myid:] - INFO  [main:Environment@98] - Server environment:user.home=/home/rafael
2021-03-21 12:11:05,982 [myid:] - INFO  [main:Environment@98] - Server environment:user.dir=/home/rafael/Documents/icn-stage
2021-03-21 12:11:05,982 [myid:] - INFO  [main:Environment@98] - Server environment:os.memory.free=173MB
2021-03-21 12:11:05,982 [myid:] - INFO  [main:Environment@98] - Server environment:os.memory.max=1000MB
2021-03-21 12:11:05,983 [myid:] - INFO  [main:Environment@98] - Server environment:os.memory.total=188MB
2021-03-21 12:11:05,983 [myid:] - INFO  [main:ZooKeeperServer@129] - zookeeper.enableEagerACLCheck = false
2021-03-21 12:11:05,983 [myid:] - INFO  [main:ZooKeeperServer@137] - zookeeper.digest.enabled = true
2021-03-21 12:11:05,983 [myid:] - INFO  [main:ZooKeeperServer@141] - zookeeper.closeSessionTxn.enabled = true
2021-03-21 12:11:05,983 [myid:] - INFO  [main:ZooKeeperServer@1444] - zookeeper.flushDelay=0
2021-03-21 12:11:05,984 [myid:] - INFO  [main:ZooKeeperServer@1453] - zookeeper.maxWriteQueuePollTime=0
2021-03-21 12:11:05,984 [myid:] - INFO  [main:ZooKeeperServer@1462] - zookeeper.maxBatchSize=1000
2021-03-21 12:11:05,984 [myid:] - INFO  [main:ZooKeeperServer@243] - zookeeper.intBufferStartingSizeBytes = 1024
2021-03-21 12:11:05,986 [myid:] - INFO  [main:BlueThrottle@141] - Weighed connection throttling is disabled
2021-03-21 12:11:05,988 [myid:] - INFO  [main:ZooKeeperServer@1256] - minSessionTimeout set to 30000
2021-03-21 12:11:05,988 [myid:] - INFO  [main:ZooKeeperServer@1265] - maxSessionTimeout set to 60000
2021-03-21 12:11:05,990 [myid:] - INFO  [main:ResponseCache@45] - Response cache size is initialized with value 400.
2021-03-21 12:11:05,990 [myid:] - INFO  [main:ResponseCache@45] - Response cache size is initialized with value 400.
2021-03-21 12:11:05,991 [myid:] - INFO  [main:RequestPathMetricsCollector@111] - zookeeper.pathStats.slotCapacity = 60
2021-03-21 12:11:05,991 [myid:] - INFO  [main:RequestPathMetricsCollector@112] - zookeeper.pathStats.slotDuration = 15
2021-03-21 12:11:05,991 [myid:] - INFO  [main:RequestPathMetricsCollector@113] - zookeeper.pathStats.maxDepth = 6
2021-03-21 12:11:05,991 [myid:] - INFO  [main:RequestPathMetricsCollector@114] - zookeeper.pathStats.initialDelay = 5
2021-03-21 12:11:05,992 [myid:] - INFO  [main:RequestPathMetricsCollector@115] - zookeeper.pathStats.delay = 5
2021-03-21 12:11:05,992 [myid:] - INFO  [main:RequestPathMetricsCollector@116] - zookeeper.pathStats.enabled = false
2021-03-21 12:11:06,011 [myid:] - INFO  [main:ZooKeeperServer@1481] - The max bytes for all large requests are set to 104857600
2021-03-21 12:11:06,011 [myid:] - INFO  [main:ZooKeeperServer@1495] - The large request threshold is set to -1
2021-03-21 12:11:06,012 [myid:] - INFO  [main:ZooKeeperServer@339] - Created server with tickTime 5000 minSessionTimeout 30000 maxSessionTimeout 60000 clientPortListenBacklog -1 datadir ~/.zk/datadir/version-2 snapdir ~/.zk/datadir/version-2
2021-03-21 12:11:06,053 [myid:] - INFO  [main:Log@169] - Logging initialized @808ms to org.eclipse.jetty.util.log.Slf4jLog
2021-03-21 12:11:06,156 [myid:] - WARN  [main:ContextHandler@1520] - o.e.j.s.ServletContextHandler@30c15d8b{/,null,UNAVAILABLE} contextPath ends with /*
2021-03-21 12:11:06,156 [myid:] - WARN  [main:ContextHandler@1531] - Empty contextPath
2021-03-21 12:11:06,187 [myid:] - INFO  [main:Server@359] - jetty-9.4.24.v20191120; built: 2019-11-20T21:37:49.771Z; git: 363d5f2df3a8a28de40604320230664b9c793c16; jvm 11.0.10+9-Ubuntu-0ubuntu1.20.04
2021-03-21 12:11:06,246 [myid:] - INFO  [main:DefaultSessionIdManager@333] - DefaultSessionIdManager workerName=node0
2021-03-21 12:11:06,246 [myid:] - INFO  [main:DefaultSessionIdManager@338] - No SessionScavenger set, using defaults
2021-03-21 12:11:06,249 [myid:] - INFO  [main:HouseKeeper@140] - node0 Scavenging every 600000ms
2021-03-21 12:11:06,252 [myid:] - WARN  [main:ConstraintSecurityHandler@757] - ServletContext@o.e.j.s.ServletContextHandler@30c15d8b{/,null,STARTING} has uncovered http methods for path: /*
2021-03-21 12:11:06,264 [myid:] - INFO  [main:ContextHandler@825] - Started o.e.j.s.ServletContextHandler@30c15d8b{/,null,AVAILABLE}
2021-03-21 12:11:06,282 [myid:] - INFO  [main:AbstractConnector@330] - Started ServerConnector@694abbdc{HTTP/1.1,[http/1.1]}{0.0.0.0:8080}
2021-03-21 12:11:06,283 [myid:] - INFO  [main:Server@399] - Started @1039ms
2021-03-21 12:11:06,283 [myid:] - INFO  [main:JettyAdminServer@182] - Started AdminServer on address 0.0.0.0, port 8080 and command URL /commands
2021-03-21 12:11:06,292 [myid:] - INFO  [main:ServerCnxnFactory@169] - Using org.apache.zookeeper.server.NIOServerCnxnFactory as server connection factory
2021-03-21 12:11:06,294 [myid:] - WARN  [main:ServerCnxnFactory@309] - maxCnxns is not configured, using default value 0.
2021-03-21 12:11:06,296 [myid:] - INFO  [main:NIOServerCnxnFactory@666] - Configuring NIO connection handler with 10s sessionless connection timeout, 1 selector thread(s), 8 worker threads, and 64 kB direct buffers.
2021-03-21 12:11:06,298 [myid:] - INFO  [main:NIOServerCnxnFactory@674] - binding to port /192.168.133.1:2181
2021-03-21 12:11:06,318 [myid:] - INFO  [main:WatchManagerFactory@42] - Using org.apache.zookeeper.server.watch.WatchManager as watch manager
2021-03-21 12:11:06,319 [myid:] - INFO  [main:WatchManagerFactory@42] - Using org.apache.zookeeper.server.watch.WatchManager as watch manager
2021-03-21 12:11:06,321 [myid:] - INFO  [main:ZKDatabase@132] - zookeeper.snapshotSizeFactor = 0.33
2021-03-21 12:11:06,322 [myid:] - INFO  [main:ZKDatabase@152] - zookeeper.commitLogCount=500
2021-03-21 12:11:06,331 [myid:] - INFO  [main:SnapStream@61] - zookeeper.snapshot.compression.method = CHECKED
2021-03-21 12:11:06,341 [myid:] - INFO  [main:FileSnap@85] - Reading snapshot ~/.zk/datadir/version-2/snapshot.2c400
2021-03-21 12:11:06,353 [myid:] - INFO  [main:DataTree@1737] - The digest value is empty in snapshot
2021-03-21 12:11:06,363 [myid:] - INFO  [main:ZKDatabase@289] - Snapshot loaded in 41 ms, highest zxid is 0x2c400, digest is 128317928299
2021-03-21 12:11:06,364 [myid:] - INFO  [main:FileTxnSnapLog@470] - Snapshotting: 0x2c400 to ~/.zk/datadir/version-2/snapshot.2c400
2021-03-21 12:11:06,368 [myid:] - INFO  [main:ZooKeeperServer@529] - Snapshot taken in 5 ms
2021-03-21 12:11:06,379 [myid:] - INFO  [ProcessThread(sid:0 cport:2181)::PrepRequestProcessor@136] - PrepRequestProcessor (sid:0) started, reconfigEnabled=false
2021-03-21 12:11:06,380 [myid:] - INFO  [main:RequestThrottler@74] - zookeeper.request_throttler.shutdownTimeout = 10000
2021-03-21 12:11:06,398 [myid:] - INFO  [main:ContainerManager@83] - Using checkIntervalMs=60000 maxPerMinute=10000 maxNeverUsedIntervalMs=0
2021-03-21 12:11:06,399 [myid:] - INFO  [main:ZKAuditProvider@42] - ZooKeeper audit is disabled.
2021-03-21 14:17:56,389 [myid:] - INFO  [NIOWorkerThread-1:FourLetterCommands@223] - The list of known four letter word commands is : [{1936881266=srvr, 1937006964=stat, 2003003491=wchc, 1685417328=dump, 1668445044=crst, 1936880500=srst, 1701738089=envi, 1668247142=conf, -720899=telnet close, 1751217000=hash, 2003003507=wchs, 2003003504=wchp, 1684632179=dirs, 1668247155=cons, 1835955314=mntr, 1769173615=isro, 1920298859=ruok, 1735683435=gtmk, 1937010027=stmk}]
2021-03-21 14:17:56,391 [myid:] - INFO  [NIOWorkerThread-1:FourLetterCommands@224] - The list of enabled four letter word commands is : [[srvr]]
2021-03-21 14:17:56,391 [myid:] - INFO  [NIOWorkerThread-1:NIOServerCnxn@507] - Processing srvr command from /192.168.133.1:35842
2021-03-21 23:03:07,588 [myid:] - INFO  [NIOWorkerThread-2:NIOServerCnxn@507] - Processing srvr command from /192.168.133.1:42462
